<!DOCTYPE html>
<html lang="en">
<head>
    <title>
VSTS build failed with nuget buildwebcompiler &#xB7; Issue #354 &#xB7; madskristensen/WebCompiler - linksfor.dev(s)    </title>
    <meta charset="utf-8">
    <link rel="alternate" type="application/rss+xml" title="Linksfor.dev(s) feed" href="https://linksfor.dev/feed.rss" />
    <meta name="viewport" content="width=device-width, initial-scale=1.0" />
    <meta name="google" value="notranslate">
    <link rel="stylesheet" type="text/css" href="/style.css" />
    <link rel="shortcut icon" href="/favicon.ico" type="image/x-icon">
    <link rel="icon" href="/favicon.ico" type="image/x-icon">
    <meta property="og:title" content="VSTS build failed with nuget buildwebcompiler &#xB7; Issue #354 &#xB7; madskristensen/WebCompiler - linksfor.dev(s)"/>
    <meta property="article:author" content="mihaimyh"/>
    <meta property="og:description" content="Hi @madskristensen Could you have look please I enable compile on build as seen in the picture below. My scss got compile nicely. Then when i check in the code to source control for DevOps continuo..."/>
    <meta property="og:type" content="website"/>
    <meta property="og:url" content="https://github.com/madskristensen/WebCompiler/issues/354"/>

<meta property="og:site_name" content="linksfor.dev(s)" />
</head>
<body>
    <div class="devring" style="background: #222">
        <div style="text-align:center">Explore other dev related sites in this ring. If you would like to join this ring <a href="https://devring.club">click here</a>.</div>
        <div class="grid">
            <div style="display: grid; grid-template-columns: .5fr 1fr 1fr 1fr; text-align: center;">
                <span class="devring-title"><a href="https://devring.club/">devring.club</a></span>
                <a href="https://devring.club/sites/1/prev" class="devring-previous">Previous</a>
                <a href="https://devring.club/random" class="devring-random">Random</a>
                <a href="https://devring.club/sites/1/next" class="devring-next">Next</a>
            </div>
        </div>
    </div>
    <div class="grid">
        <h1>
<a href="/" style="color:inherit">linksfor.dev(s)</a>
        </h1>
        <title>linksfor.dev(s) - VSTS build failed with nuget buildwebcompiler &#xB7; Issue #354 &#xB7; madskristensen/WebCompiler</title>
<div class="readable">
        <h1>VSTS build failed with nuget buildwebcompiler &#xB7; Issue #354 &#xB7; madskristensen/WebCompiler</h1>
            <div>by mihaimyh</div>
            <div>Reading time: 8-10 minutes</div>
        <div>Posted here: 23 Feb 2020</div>
        <p><a href="https://github.com/madskristensen/WebCompiler/issues/354">https://github.com/madskristensen/WebCompiler/issues/354</a></p>
        <hr/>
<div id="readability-page-1" class="page"><div disabled="" sortable="">
<div>
          <p>Hi <a data-hovercard-type="user" data-hovercard-url="/users/madskristensen/hovercard" data-octo-click="hovercard-link-click" data-octo-dimensions="link_type:self" href="https://github.com/madskristensen">@madskristensen</a> Could you have look please</p>
<p>I enable compile on build as seen in the picture below.<br>
<a target="_blank" rel="noopener noreferrer" href="https://user-images.githubusercontent.com/10666633/35315074-f90353f0-00fc-11e8-94e3-69cd7a59c78a.png"><img src="https://user-images.githubusercontent.com/10666633/35315074-f90353f0-00fc-11e8-94e3-69cd7a59c78a.png" alt="image"></a><br>
My scss got compile nicely.<br>
<a target="_blank" rel="noopener noreferrer" href="https://user-images.githubusercontent.com/10666633/35315120-3e4d5ee2-00fd-11e8-8d92-ad68f5df8b33.png"><img src="https://user-images.githubusercontent.com/10666633/35315120-3e4d5ee2-00fd-11e8-8d92-ad68f5df8b33.png" alt="image"></a><br>
Then when i check in the code to source control for DevOps continuous deployment and the build failed.</p>
<p>How do fix this problem for CI in VSTS to work nicely with Web Compiler?</p>
<p>Thank you very much.</p>
<h3>VSTS build logs .NET Core build definition 2.x</h3>
<pre><code>2018-01-24T04:37:32.0890590Z ##[section]Starting: Build
2018-01-24T04:37:32.0899118Z ==============================================================================
2018-01-24T04:37:32.0899358Z Task         : .NET Core
2018-01-24T04:37:32.0899596Z Description  : Build, test, package, or publish a dotnet application, or run a custom dotnet command. For package commands, supports NuGet.org and authenticated feeds like Package Management and MyGet.
2018-01-24T04:37:32.0899846Z Version      : 2.1.9
2018-01-24T04:37:32.0900008Z Author       : Microsoft Corporation
2018-01-24T04:37:32.0900340Z Help         : [More Information](https://go.microsoft.com/fwlink/?linkid=832194)
2018-01-24T04:37:32.0900571Z ==============================================================================
2018-01-24T04:37:33.2395898Z [command]"C:\Program Files\dotnet\dotnet.exe" build d:\a\3\s\RiverSync\RiverSync.csproj --configuration release
2018-01-24T04:37:33.5741584Z Microsoft (R) Build Engine version 15.5.180.51428 for .NET Core
2018-01-24T04:37:33.5742472Z Copyright (C) Microsoft Corporation. All rights reserved.
2018-01-24T04:37:33.5742794Z 
2018-01-24T04:37:36.7375627Z   Restoring packages for d:\a\3\s\RiverSync\RiverSync.csproj...
2018-01-24T04:37:36.7376596Z   Restoring packages for d:\a\3\s\RiverSync\RiverSync.csproj...
2018-01-24T04:37:36.7377067Z   Restore completed in 1.18 sec for d:\a\3\s\RiverSync\RiverSync.csproj.
2018-01-24T04:37:36.7377514Z   Restoring packages for d:\a\3\s\RiverSync\RiverSync.csproj...
2018-01-24T04:37:36.7377963Z   Generating MSBuild file d:\a\3\s\RiverSync\obj\RiverSync.csproj.nuget.g.props.
2018-01-24T04:37:36.7378360Z   Restore completed in 1.46 sec for d:\a\3\s\RiverSync\RiverSync.csproj.
2018-01-24T04:37:37.1145661Z   Restore completed in 768.05 ms for d:\a\3\s\RiverSync\RiverSync.csproj.
2018-01-24T04:37:38.0012277Z C:\Users\VssAdministrator\.nuget\packages\buildwebcompiler\1.11.326\build\BuildWebCompiler.targets(15,9): error MSB4062: The "WebCompiler.CompilerBuildTask" task could not be loaded from the assembly C:\Users\VssAdministrator\.nuget\packages\buildwebcompiler\1.11.326\build\..\tools\WebCompiler.exe. Could not load file or assembly 'Microsoft.Build.Utilities.v4.0, Version=4.0.0.0, Culture=neutral, PublicKeyToken=b03f5f7f11d50a3a'. The system cannot find the file specified. Confirm that the &lt;UsingTask&gt; declaration is correct, that the assembly and all its dependencies are available, and that the task contains a public class that implements Microsoft.Build.Framework.ITask. [d:\a\3\s\RiverSync\RiverSync.csproj]
2018-01-24T04:37:38.0053186Z 
2018-01-24T04:37:38.0053535Z Build FAILED.
2018-01-24T04:37:38.0053717Z 
2018-01-24T04:37:38.0054302Z C:\Users\VssAdministrator\.nuget\packages\buildwebcompiler\1.11.326\build\BuildWebCompiler.targets(15,9): error MSB4062: The "WebCompiler.CompilerBuildTask" task could not be loaded from the assembly C:\Users\VssAdministrator\.nuget\packages\buildwebcompiler\1.11.326\build\..\tools\WebCompiler.exe. Could not load file or assembly 'Microsoft.Build.Utilities.v4.0, Version=4.0.0.0, Culture=neutral, PublicKeyToken=b03f5f7f11d50a3a'. The system cannot find the file specified. Confirm that the &lt;UsingTask&gt; declaration is correct, that the assembly and all its dependencies are available, and that the task contains a public class that implements Microsoft.Build.Framework.ITask. [d:\a\3\s\RiverSync\RiverSync.csproj]
2018-01-24T04:37:38.0054981Z     0 Warning(s)
2018-01-24T04:37:38.0055356Z     1 Error(s)
2018-01-24T04:37:38.0055715Z 
2018-01-24T04:37:38.0056051Z Time Elapsed 00:00:04.34
2018-01-24T04:37:38.0707812Z ##[error]Error: C:\Program Files\dotnet\dotnet.exe failed with return code: 1
2018-01-24T04:37:38.0709109Z ##[error]Dotnet command failed with non-zero exit code on the following projects : d:\a\3\s\RiverSync\RiverSync.csproj
2018-01-24T04:37:38.0711329Z ##[section]Finishing: Build
</code></pre>
<h3>VSTS build logs .NET Core build definition 1.x</h3>
<p>First I think its was the preview build definition of 2.x, so I tried changing to 1.x and still got the same result.</p>
<pre><code>2018-01-24T05:04:37.1283223Z ##[section]Starting: Build
2018-01-24T05:04:37.1289433Z ==============================================================================
2018-01-24T05:04:37.1289661Z Task         : .NET Core
2018-01-24T05:04:37.1289847Z Description  : Build, test and publish using dotnet core command-line.
2018-01-24T05:04:37.1290029Z Version      : 1.0.2
2018-01-24T05:04:37.1290219Z Author       : Microsoft Corporation
2018-01-24T05:04:37.1290453Z Help         : [More Information](https://go.microsoft.com/fwlink/?linkid=832194)
2018-01-24T05:04:37.1290688Z ==============================================================================
2018-01-24T05:04:38.2373919Z [command]"C:\Program Files\dotnet\dotnet.exe" build d:\a\3\s\RiverSync\RiverSync.csproj --configuration release
2018-01-24T05:04:38.5408377Z Microsoft (R) Build Engine version 15.5.180.51428 for .NET Core
2018-01-24T05:04:38.5412274Z Copyright (C) Microsoft Corporation. All rights reserved.
2018-01-24T05:04:38.5412647Z 
2018-01-24T05:04:40.1349804Z   Restore completed in 108.25 ms for d:\a\3\s\RiverSync\RiverSync.csproj.
2018-01-24T05:04:40.1351686Z   Restore completed in 51.64 ms for d:\a\3\s\RiverSync\RiverSync.csproj.
2018-01-24T05:04:40.1506368Z   Restore completed in 108.33 ms for d:\a\3\s\RiverSync\RiverSync.csproj.
2018-01-24T05:04:41.1976610Z C:\Users\VssAdministrator\.nuget\packages\buildwebcompiler\1.11.326\build\BuildWebCompiler.targets(15,9): error MSB4062: The "WebCompiler.CompilerBuildTask" task could not be loaded from the assembly C:\Users\VssAdministrator\.nuget\packages\buildwebcompiler\1.11.326\build\..\tools\WebCompiler.exe. Could not load file or assembly 'Microsoft.Build.Utilities.v4.0, Version=4.0.0.0, Culture=neutral, PublicKeyToken=b03f5f7f11d50a3a'. The system cannot find the file specified. Confirm that the &lt;UsingTask&gt; declaration is correct, that the assembly and all its dependencies are available, and that the task contains a public class that implements Microsoft.Build.Framework.ITask. [d:\a\3\s\RiverSync\RiverSync.csproj]
2018-01-24T05:04:41.2022843Z 
2018-01-24T05:04:41.2028213Z Build FAILED.
2018-01-24T05:04:41.2028430Z 
2018-01-24T05:04:41.2029000Z C:\Users\VssAdministrator\.nuget\packages\buildwebcompiler\1.11.326\build\BuildWebCompiler.targets(15,9): error MSB4062: The "WebCompiler.CompilerBuildTask" task could not be loaded from the assembly C:\Users\VssAdministrator\.nuget\packages\buildwebcompiler\1.11.326\build\..\tools\WebCompiler.exe. Could not load file or assembly 'Microsoft.Build.Utilities.v4.0, Version=4.0.0.0, Culture=neutral, PublicKeyToken=b03f5f7f11d50a3a'. The system cannot find the file specified. Confirm that the &lt;UsingTask&gt; declaration is correct, that the assembly and all its dependencies are available, and that the task contains a public class that implements Microsoft.Build.Framework.ITask. [d:\a\3\s\RiverSync\RiverSync.csproj]
2018-01-24T05:04:41.2029484Z     0 Warning(s)
2018-01-24T05:04:41.2029651Z     1 Error(s)
2018-01-24T05:04:41.2029768Z 
2018-01-24T05:04:41.2029923Z Time Elapsed 00:00:02.57
2018-01-24T05:04:41.2700261Z ##[error]Error: C:\Program Files\dotnet\dotnet.exe failed with return code: 1
2018-01-24T05:04:41.2701810Z ##[error]Dotnet command failed with non-zero exit code on the following projects : d:\a\3\s\RiverSync\RiverSync.csproj
2018-01-24T05:04:41.2734415Z ##[section]Finishing: Build
</code></pre>
      </div>
</div></div></div>
    </div>
    <footer>
        <div>created by buildstarted &copy; 2020 <a href="/about">about</a></div>
        <div>Share this page on social media: copy and paste this url https://linksfor.dev/</div>
        <div>If you prefer RSS: <a href="https://linksfor.dev/feed.xml">https://linksfor.dev/feed.xml</a></div>
        <div>Customer satisfaction guaranteed to be optional.</div>
    </footer>
    
    <script async defer>
        _dna = window._dna || {};
        _dna.siteId = "linksfor.devs";
        _dna.outlink = true;

        (function() {
            let dna = document.createElement('script');
            dna.type = 'text/javascript';
            dna.async = true;
            dna.src = '//dna.buildstarted.com/t.js';
            let s = document.getElementsByTagName('script')[0];
            s.parentNode.insertBefore(dna, s);
        })();
    </script>
    <noscript><img src="//dna.buildstarted.com/g?siteId=linksfor.devs"/></noscript>
</body>
</html>